<?xml version="1.0" encoding="UTF-8"?>
<!-- Generated by org.testng.reporters.JUnitXMLReporter -->
<testsuite ignored="0" hostname="LAPTOP-J7UF7I4K" failures="0" tests="5" name="Default test" time="98.819" errors="0" timestamp="2024-07-30T14:28:13 IST">
  <testcase classname="ExtendReports.DWSListnerTask" name="AllLinks" time="13.601"/>
  <testcase classname="ExtendReports.DWSListnerTask" name="DigiDownload" time="7.979"/>
  <testcase classname="ExtendReports.DWSListnerTask" name="Facebook" time="15.529"/>
  <testcase classname="ExtendReports.DWSListnerTask" name="GiftCart" time="28.164"/>
  <testcase classname="ExtendReports.DWSListnerTask" name="Twitter" time="14.35"/>
</testsuite> <!-- Default test -->
