<?xml version="1.0" encoding="UTF-8"?>
<!-- Generated by org.testng.reporters.JUnitXMLReporter -->
<testsuite ignored="0" hostname="LAPTOP-J7UF7I4K" failures="0" tests="10" name="Test" time="169.776" errors="0" timestamp="2024-07-20T10:49:00 IST">
  <testcase classname="Shoes_TestNG.Redtape_Shoes" name="RT" time="22.171"/>
  <testcase classname="Bike_TestNG.BMW_Bike" name="BMW" time="13.938"/>
  <testcase classname="Shoes_TestNG.Adidas_Shoes" name="AD" time="16.724"/>
  <testcase classname="Bike_TestNG.Jawa_Bike" name="Jawa" time="9.107"/>
  <testcase classname="Shoes_TestNG.Puma_Shoes" name="Puma" time="21.822"/>
  <testcase classname="Shoes_TestNG.Nike_Shoes" name="Nike" time="23.731"/>
  <testcase classname="Bike_TestNG.Ducati_Bike" name="Ducati" time="17.828"/>
  <testcase classname="Bike_TestNG.RoyalEnfield_Bike" name="RE" time="21.374"/>
  <testcase classname="Bike_TestNG.Triumph_Bike" name="Triumph" time="13.428"/>
  <testcase classname="Shoes_TestNG.Hrx_Shoes" name="Hrx" time="9.421"/>
</testsuite> <!-- Test -->
