<?xml version="1.0" encoding="UTF-8"?>
<!-- Generated by org.testng.reporters.JUnitXMLReporter -->
<testsuite ignored="0" hostname="LAPTOP-J7UF7I4K" failures="0" tests="5" name="Test2" time="43.788" errors="0" timestamp="2024-07-11T11:38:15 IST">
  <testcase classname="Shoes_TestNG.Redtape_Shoes" name="RT" time="8.838"/>
  <testcase classname="Shoes_TestNG.Adidas_Shoes" name="AD" time="6.135"/>
  <testcase classname="Shoes_TestNG.Puma_Shoes" name="Puma" time="11.84"/>
  <testcase classname="Shoes_TestNG.Nike_Shoes" name="Nike" time="6.466"/>
  <testcase classname="Shoes_TestNG.Hrx_Shoes" name="Hrx" time="10.487"/>
</testsuite> <!-- Test2 -->
