<?xml version="1.0" encoding="UTF-8"?>
<testng-results ignored="0" total="5" passed="5" failed="0" skipped="0">
  <reporter-output>
    <line>
      <![CDATA[onTestStartAllLinks]]>
    </line>
    <line>
      <![CDATA[onTestStartDigiDownload]]>
    </line>
    <line>
      <![CDATA[onTestStartFacebook]]>
    </line>
    <line>
      <![CDATA[onTestStartGiftCart]]>
    </line>
    <line>
      <![CDATA[onTestStartTwitter]]>
    </line>
  </reporter-output>
  <suite started-at="2024-07-30T14:26:34 IST" name="Default suite" finished-at="2024-07-30T14:28:13 IST" duration-ms="98819">
    <groups>
    </groups>
    <test started-at="2024-07-30T14:26:34 IST" name="Default test" finished-at="2024-07-30T14:28:13 IST" duration-ms="98819">
      <class name="ExtendReports.DWSListnerTask">
        <test-method is-config="true" signature="preCondition()[pri:0, instance:ExtendReports.DWSListnerTask@449a4f23]" started-at="2024-07-30T14:26:35 IST" name="preCondition" finished-at="2024-07-30T14:26:39 IST" duration-ms="4225" status="PASS">
          <reporter-output>
          </reporter-output>
        </test-method> <!-- preCondition -->
        <test-method is-config="true" signature="login()[pri:0, instance:ExtendReports.DWSListnerTask@449a4f23]" started-at="2024-07-30T14:26:39 IST" name="login" finished-at="2024-07-30T14:26:40 IST" duration-ms="1518" status="PASS">
          <reporter-output>
          </reporter-output>
        </test-method> <!-- login -->
        <test-method signature="AllLinks()[pri:0, instance:ExtendReports.DWSListnerTask@449a4f23]" started-at="2024-07-30T14:26:40 IST" name="AllLinks" finished-at="2024-07-30T14:26:54 IST" duration-ms="13601" status="PASS">
          <reporter-output>
            <line>
              <![CDATA[onTestStartAllLinks]]>
            </line>
          </reporter-output>
        </test-method> <!-- AllLinks -->
        <test-method is-config="true" signature="logout()[pri:0, instance:ExtendReports.DWSListnerTask@449a4f23]" started-at="2024-07-30T14:26:54 IST" name="logout" finished-at="2024-07-30T14:26:55 IST" duration-ms="1153" status="PASS">
          <reporter-output>
          </reporter-output>
        </test-method> <!-- logout -->
        <test-method is-config="true" signature="login()[pri:0, instance:ExtendReports.DWSListnerTask@449a4f23]" started-at="2024-07-30T14:26:55 IST" name="login" finished-at="2024-07-30T14:26:57 IST" duration-ms="1813" status="PASS">
          <reporter-output>
          </reporter-output>
        </test-method> <!-- login -->
        <test-method signature="DigiDownload()[pri:0, instance:ExtendReports.DWSListnerTask@449a4f23]" started-at="2024-07-30T14:26:57 IST" name="DigiDownload" finished-at="2024-07-30T14:27:05 IST" duration-ms="7979" status="PASS">
          <reporter-output>
            <line>
              <![CDATA[onTestStartDigiDownload]]>
            </line>
          </reporter-output>
        </test-method> <!-- DigiDownload -->
        <test-method is-config="true" signature="logout()[pri:0, instance:ExtendReports.DWSListnerTask@449a4f23]" started-at="2024-07-30T14:27:05 IST" name="logout" finished-at="2024-07-30T14:27:06 IST" duration-ms="918" status="PASS">
          <reporter-output>
          </reporter-output>
        </test-method> <!-- logout -->
        <test-method is-config="true" signature="login()[pri:0, instance:ExtendReports.DWSListnerTask@449a4f23]" started-at="2024-07-30T14:27:06 IST" name="login" finished-at="2024-07-30T14:27:07 IST" duration-ms="1294" status="PASS">
          <reporter-output>
          </reporter-output>
        </test-method> <!-- login -->
        <test-method signature="Facebook()[pri:0, instance:ExtendReports.DWSListnerTask@449a4f23]" started-at="2024-07-30T14:27:07 IST" name="Facebook" finished-at="2024-07-30T14:27:23 IST" duration-ms="15529" status="PASS">
          <reporter-output>
            <line>
              <![CDATA[onTestStartFacebook]]>
            </line>
          </reporter-output>
        </test-method> <!-- Facebook -->
        <test-method is-config="true" signature="logout()[pri:0, instance:ExtendReports.DWSListnerTask@449a4f23]" started-at="2024-07-30T14:27:23 IST" name="logout" finished-at="2024-07-30T14:27:25 IST" duration-ms="2244" status="PASS">
          <reporter-output>
          </reporter-output>
        </test-method> <!-- logout -->
        <test-method is-config="true" signature="login()[pri:0, instance:ExtendReports.DWSListnerTask@449a4f23]" started-at="2024-07-30T14:27:25 IST" name="login" finished-at="2024-07-30T14:27:26 IST" duration-ms="1415" status="PASS">
          <reporter-output>
          </reporter-output>
        </test-method> <!-- login -->
        <test-method signature="GiftCart()[pri:0, instance:ExtendReports.DWSListnerTask@449a4f23]" started-at="2024-07-30T14:27:26 IST" name="GiftCart" finished-at="2024-07-30T14:27:54 IST" duration-ms="28164" status="PASS">
          <reporter-output>
            <line>
              <![CDATA[onTestStartGiftCart]]>
            </line>
          </reporter-output>
        </test-method> <!-- GiftCart -->
        <test-method is-config="true" signature="logout()[pri:0, instance:ExtendReports.DWSListnerTask@449a4f23]" started-at="2024-07-30T14:27:54 IST" name="logout" finished-at="2024-07-30T14:27:55 IST" duration-ms="758" status="PASS">
          <reporter-output>
          </reporter-output>
        </test-method> <!-- logout -->
        <test-method is-config="true" signature="login()[pri:0, instance:ExtendReports.DWSListnerTask@449a4f23]" started-at="2024-07-30T14:27:55 IST" name="login" finished-at="2024-07-30T14:27:57 IST" duration-ms="1737" status="PASS">
          <reporter-output>
          </reporter-output>
        </test-method> <!-- login -->
        <test-method signature="Twitter()[pri:0, instance:ExtendReports.DWSListnerTask@449a4f23]" started-at="2024-07-30T14:27:57 IST" name="Twitter" finished-at="2024-07-30T14:28:11 IST" duration-ms="14350" status="PASS">
          <reporter-output>
            <line>
              <![CDATA[onTestStartTwitter]]>
            </line>
          </reporter-output>
        </test-method> <!-- Twitter -->
        <test-method is-config="true" signature="logout()[pri:0, instance:ExtendReports.DWSListnerTask@449a4f23]" started-at="2024-07-30T14:28:11 IST" name="logout" finished-at="2024-07-30T14:28:12 IST" duration-ms="1162" status="PASS">
          <reporter-output>
          </reporter-output>
        </test-method> <!-- logout -->
        <test-method is-config="true" signature="postCondition()[pri:0, instance:ExtendReports.DWSListnerTask@449a4f23]" started-at="2024-07-30T14:28:12 IST" name="postCondition" finished-at="2024-07-30T14:28:13 IST" duration-ms="675" status="PASS">
          <reporter-output>
          </reporter-output>
        </test-method> <!-- postCondition -->
      </class> <!-- ExtendReports.DWSListnerTask -->
    </test> <!-- Default test -->
  </suite> <!-- Default suite -->
</testng-results>
